<?xml version="1.0" encoding="UTF-8"?>
<!-- Generated by org.testng.reporters.JUnitXMLReporter -->
<testsuite ignored="0" hostname="VBK-Computer" failures="2" tests="2" name="Test" time="20.726" errors="0" timestamp="2022-12-19T10:40:11 IST">
  <testcase classname="com.scm.orders.Orders_sortingIdUsingStartClassTest" name="orderSort" time="1.226">
    <failure type="java.lang.AssertionError" message="expected [B] but found [A]">
      <![CDATA[java.lang.AssertionError: expected [B] but found [A]
at com.scm.orders.Orders_sortingIdUsingStartClassTest.orderSort(Orders_sortingIdUsingStartClassTest.java:42)
at java.base/java.util.ArrayList.forEach(ArrayList.java:1511)
... Removed 33 stack frames]]>
    </failure>
  </testcase> <!-- orderSort -->
  <testcase classname="com.scm.orders.Orders_sortingIdUsingStartClassTest" name="orderSort" time="1.248">
    <failure type="java.lang.NullPointerException" message="Cannot invoke &amp;quot;org.openqa.selenium.TakesScreenshot.getScreenshotAs(org.openqa.selenium.OutputType)&amp;quot; because &amp;quot;ts&amp;quot; is null">
      <![CDATA[java.lang.NullPointerException: Cannot invoke "org.openqa.selenium.TakesScreenshot.getScreenshotAs(org.openqa.selenium.OutputType)" because "ts" is null
at com.scm.genericUtilities.WebDriverUtility.takescreenshot(WebDriverUtility.java:65)
at com.scm.genericUtilities.ListenerImplementationClass_1.onTestFailure(ListenerImplementationClass_1.java:22)
at java.base/java.util.ArrayList.forEach(ArrayList.java:1511)
... Removed 24 stack frames]]>
    </failure>
  </testcase> <!-- orderSort -->
</testsuite> <!-- Test -->
