<?xml version="1.0" encoding="UTF-8"?>
<!-- Generated by org.testng.reporters.JUnitXMLReporter -->
<testsuite ignored="0" hostname="VBK-Computer" failures="0" tests="5" name="Test" time="26.655" errors="0" timestamp="2022-12-19T17:24:02 IST">
  <testcase classname="com.scm.managestock.ManageStockUsingGenericUtilityTest" name="main" time="5.216"/>
  <testcase classname="com.scm.orders.Orders_sortingIdUsingStartClassTest" name="orderSort" time="0.997"/>
  <testcase classname="com.scm.addRetailer.AddRetailerTest" name="createNewRetailer" time="3.254"/>
  <testcase classname="com.scm.Admin_manufacturerEditprofile.EditManufactureProfileUsingStartClassTest" name="editmanuprof" time="3.561"/>
  <testcase classname="com.scm.products.AddProductUsingStartClassTest" name="addProduct" time="6.114"/>
</testsuite> <!-- Test -->
