<?xml version="1.0" encoding="UTF-8"?>
<testng-results ignored="0" total="1" passed="1" failed="0" skipped="0">
  <reporter-output>
  </reporter-output>
  <suite started-at="2022-12-15T09:36:56 IST" name="Default suite" finished-at="2022-12-15T09:36:56 IST" duration-ms="115">
    <groups>
    </groups>
    <test started-at="2022-12-15T09:36:56 IST" name="Default test" finished-at="2022-12-15T09:36:56 IST" duration-ms="115">
      <class name="practice.MavenDemo">
        <test-method signature="demo1()[pri:0, instance:practice.MavenDemo@7e5afaa6]" started-at="2022-12-15T09:36:56 IST" name="demo1" finished-at="2022-12-15T09:36:56 IST" duration-ms="20" status="PASS">
          <reporter-output>
          </reporter-output>
        </test-method> <!-- demo1 -->
      </class> <!-- practice.MavenDemo -->
    </test> <!-- Default test -->
  </suite> <!-- Default suite -->
</testng-results>
